# JRE version: Java(TM) SE Runtime Environment (8.0_161-b12) (build 1.8.0_161-b12)
# Java VM: Java HotSpot(TM) 64-Bit Server VM (25.161-b12 mixed mode windows-amd64 compressed oops)
Heap:
 PSYoungGen      total 537600K, used 123296K [0x00000000d6400000, 0x00000000ffe80000, 0x0000000100000000)
  eden space 395264K, 2% used [0x00000000d6400000,0x00000000d6e163e8,0x00000000ee600000)
  from space 142336K, 79% used [0x00000000f7380000,0x00000000fe1d1f98,0x00000000ffe80000)
  to   space 144384K, 0% used [0x00000000ee600000,0x00000000ee600000,0x00000000f7300000)
 ParOldGen       total 227328K, used 144712K [0x0000000082c00000, 0x0000000090a00000, 0x00000000d6400000)
  object space 227328K, 63% used [0x0000000082c00000,0x000000008b952390,0x0000000090a00000)
 Metaspace       used 197618K, capacity 200524K, committed 200920K, reserved 1224704K
  class space    used 25791K, capacity 26497K, committed 26584K, reserved 1048576K
GC Heap History (10 events):
Event: 682.558 GC heap before
{Heap before GC invocations=31 (full 5):
 PSYoungGen      total 534528K, used 529721K [0x00000000d6400000, 0x0000000100000000, 0x0000000100000000)
  eden space 408576K, 100% used [0x00000000d6400000,0x00000000ef300000,0x00000000ef300000)
  from space 125952K, 96% used [0x00000000ef300000,0x00000000f694e518,0x00000000f6e00000)
  to   space 144384K, 0% used [0x00000000f7300000,0x00000000f7300000,0x0000000100000000)
 ParOldGen       total 227328K, used 125038K [0x0000000082c00000, 0x0000000090a00000, 0x00000000d6400000)
  object space 227328K, 55% used [0x0000000082c00000,0x000000008a61ba10,0x0000000090a00000)
 Metaspace       used 174952K, capacity 177566K, committed 177752K, reserved 1204224K
  class space    used 22734K, capacity 23367K, committed 23384K, reserved 1048576K
Event: 682.583 GC heap after
Heap after GC invocations=31 (full 5):
 PSYoungGen      total 543232K, used 29061K [0x00000000d6400000, 0x0000000100000000, 0x0000000100000000)
  eden space 398848K, 0% used [0x00000000d6400000,0x00000000d6400000,0x00000000ee980000)
  from space 144384K, 20% used [0x00000000f7300000,0x00000000f8f61600,0x0000000100000000)
  to   space 140800K, 0% used [0x00000000ee980000,0x00000000ee980000,0x00000000f7300000)
 ParOldGen       total 227328K, used 129818K [0x0000000082c00000, 0x0000000090a00000, 0x00000000d6400000)
  object space 227328K, 57% used [0x0000000082c00000,0x000000008aac6950,0x0000000090a00000)
 Metaspace       used 174952K, capacity 177566K, committed 177752K, reserved 1204224K
  class space    used 22734K, capacity 23367K, committed 23384K, reserved 1048576K
}
Event: 684.485 GC heap before
{Heap before GC invocations=32 (full 5):
 PSYoungGen      total 543232K, used 427909K [0x00000000d6400000, 0x0000000100000000, 0x0000000100000000)
  eden space 398848K, 100% used [0x00000000d6400000,0x00000000ee980000,0x00000000ee980000)
  from space 144384K, 20% used [0x00000000f7300000,0x00000000f8f61600,0x0000000100000000)
  to   space 140800K, 0% used [0x00000000ee980000,0x00000000ee980000,0x00000000f7300000)
 ParOldGen       total 227328K, used 129824K [0x0000000082c00000, 0x0000000090a00000, 0x00000000d6400000)
  object space 227328K, 57% used [0x0000000082c00000,0x000000008aac8390,0x0000000090a00000)
 Metaspace       used 175903K, capacity 178504K, committed 178648K, reserved 1204224K
  class space    used 22852K, capacity 23503K, committed 23512K, reserved 1048576K
Event: 684.554 GC heap after
Heap after GC invocations=32 (full 5):
 PSYoungGen      total 539648K, used 81450K [0x00000000d6400000, 0x00000000ffe80000, 0x0000000100000000)
  eden space 398848K, 0% used [0x00000000d6400000,0x00000000d6400000,0x00000000ee980000)
  from space 140800K, 57% used [0x00000000ee980000,0x00000000f390a888,0x00000000f7300000)
  to   space 141824K, 0% used [0x00000000f7400000,0x00000000f7400000,0x00000000ffe80000)
 ParOldGen       total 227328K, used 134116K [0x0000000082c00000, 0x0000000090a00000, 0x00000000d6400000)
  object space 227328K, 58% used [0x0000000082c00000,0x000000008aef9040,0x0000000090a00000)
 Metaspace       used 175903K, capacity 178504K, committed 178648K, reserved 1204224K
  class space    used 22852K, capacity 23503K, committed 23512K, reserved 1048576K
}
Event: 686.623 GC heap before
{Heap before GC invocations=33 (full 5):
 PSYoungGen      total 539648K, used 480298K [0x00000000d6400000, 0x00000000ffe80000, 0x0000000100000000)
  eden space 398848K, 100% used [0x00000000d6400000,0x00000000ee980000,0x00000000ee980000)
  from space 140800K, 57% used [0x00000000ee980000,0x00000000f390a888,0x00000000f7300000)
  to   space 141824K, 0% used [0x00000000f7400000,0x00000000f7400000,0x00000000ffe80000)
 ParOldGen       total 227328K, used 134123K [0x0000000082c00000, 0x0000000090a00000, 0x00000000d6400000)
  object space 227328K, 59% used [0x0000000082c00000,0x000000008aefae60,0x0000000090a00000)
 Metaspace       used 186612K, capacity 189334K, committed 189656K, reserved 1214464K
  class space    used 24349K, capacity 25019K, committed 25048K, reserved 1048576K
Event: 686.707 GC heap after
Heap after GC invocations=33 (full 5):
 PSYoungGen      total 537088K, used 86155K [0x00000000d6400000, 0x0000000100000000, 0x0000000100000000)
  eden space 395264K, 0% used [0x00000000d6400000,0x00000000d6400000,0x00000000ee600000)
  from space 141824K, 60% used [0x00000000f7400000,0x00000000fc822e38,0x00000000ffe80000)
  to   space 144384K, 0% used [0x00000000ee600000,0x00000000ee600000,0x00000000f7300000)
 ParOldGen       total 227328K, used 137335K [0x0000000082c00000, 0x0000000090a00000, 0x00000000d6400000)
  object space 227328K, 60% used [0x0000000082c00000,0x000000008b21dd80,0x0000000090a00000)
 Metaspace       used 186612K, capacity 189334K, committed 189656K, reserved 1214464K
  class space    used 24349K, capacity 25019K, committed 25048K, reserved 1048576K
}
Event: 690.140 GC heap before
{Heap before GC invocations=34 (full 5):
 PSYoungGen      total 537088K, used 481419K [0x00000000d6400000, 0x0000000100000000, 0x0000000100000000)
  eden space 395264K, 100% used [0x00000000d6400000,0x00000000ee600000,0x00000000ee600000)
  from space 141824K, 60% used [0x00000000f7400000,0x00000000fc822e38,0x00000000ffe80000)
  to   space 144384K, 0% used [0x00000000ee600000,0x00000000ee600000,0x00000000f7300000)
 ParOldGen       total 227328K, used 137341K [0x0000000082c00000, 0x0000000090a00000, 0x00000000d6400000)
  object space 227328K, 60% used [0x0000000082c00000,0x000000008b21f7f0,0x0000000090a00000)
 Metaspace       used 197613K, capacity 200524K, committed 200920K, reserved 1224704K
  class space    used 25791K, capacity 26497K, committed 26584K, reserved 1048576K
Event: 690.158 GC heap after
Heap after GC invocations=34 (full 5):
 PSYoungGen      total 539648K, used 21122K [0x00000000d6400000, 0x00000000ffe80000, 0x0000000100000000)
  eden space 395264K, 0% used [0x00000000d6400000,0x00000000d6400000,0x00000000ee600000)
  from space 144384K, 14% used [0x00000000ee600000,0x00000000efaa0b20,0x00000000f7300000)
  to   space 142336K, 0% used [0x00000000f7380000,0x00000000f7380000,0x00000000ffe80000)
 ParOldGen       total 227328K, used 141299K [0x0000000082c00000, 0x0000000090a00000, 0x00000000d6400000)
  object space 227328K, 62% used [0x0000000082c00000,0x000000008b5fcd90,0x0000000090a00000)
 Metaspace       used 197613K, capacity 200524K, committed 200920K, reserved 1224704K
  class space    used 25791K, capacity 26497K, committed 26584K, reserved 1048576K
}
Event: 690.716 GC heap before
{Heap before GC invocations=35 (full 5):
 PSYoungGen      total 539648K, used 416386K [0x00000000d6400000, 0x00000000ffe80000, 0x0000000100000000)
  eden space 395264K, 100% used [0x00000000d6400000,0x00000000ee600000,0x00000000ee600000)
  from space 144384K, 14% used [0x00000000ee600000,0x00000000efaa0b20,0x00000000f7300000)
  to   space 142336K, 0% used [0x00000000f7380000,0x00000000f7380000,0x00000000ffe80000)
 ParOldGen       total 227328K, used 141308K [0x0000000082c00000, 0x0000000090a00000, 0x00000000d6400000)
  object space 227328K, 62% used [0x0000000082c00000,0x000000008b5ff388,0x0000000090a00000)
 Metaspace       used 197617K, capacity 200524K, committed 200920K, reserved 1224704K
  class space    used 25791K, capacity 26497K, committed 26584K, reserved 1048576K
Event: 690.810 GC heap after
Heap after GC invocations=35 (full 5):
 PSYoungGen      total 537600K, used 112967K [0x00000000d6400000, 0x00000000ffe80000, 0x0000000100000000)
  eden space 395264K, 0% used [0x00000000d6400000,0x00000000d6400000,0x00000000ee600000)
  from space 142336K, 79% used [0x00000000f7380000,0x00000000fe1d1f98,0x00000000ffe80000)
  to   space 144384K, 0% used [0x00000000ee600000,0x00000000ee600000,0x00000000f7300000)
 ParOldGen       total 227328K, used 144712K [0x0000000082c00000, 0x0000000090a00000, 0x00000000d6400000)
  object space 227328K, 63% used [0x0000000082c00000,0x000000008b952390,0x0000000090a00000)
 Metaspace       used 197617K, capacity 200524K, committed 200920K, reserved 1224704K
  class space    used 25791K, capacity 26497K, committed 26584K, reserved 1048576K
}

