# JRE version: Java(TM) SE Runtime Environment (8.0_161-b12) (build 1.8.0_161-b12)
# Java VM: Java HotSpot(TM) 64-Bit Server VM (25.161-b12 mixed mode windows-amd64 compressed oops)
Heap:
 PSYoungGen      total 537600K, used 376981K [0x00000000d6400000, 0x0000000100000000, 0x0000000100000000)
  eden space 390656K, 92% used [0x00000000d6400000,0x00000000ec3f3548,0x00000000ee180000)
  from space 146944K, 11% used [0x00000000f7080000,0x00000000f80b1f18,0x0000000100000000)
  to   space 146432K, 0% used [0x00000000ee180000,0x00000000ee180000,0x00000000f7080000)
 ParOldGen       total 181248K, used 109357K [0x0000000082c00000, 0x000000008dd00000, 0x00000000d6400000)
  object space 181248K, 60% used [0x0000000082c00000,0x00000000896cb448,0x000000008dd00000)
 Metaspace       used 232196K, capacity 235366K, committed 235584K, reserved 1253376K
  class space    used 30780K, capacity 31575K, committed 31576K, reserved 1048576K
GC Heap History (10 events):
Event: 318.217 GC heap before
{Heap before GC invocations=36 (full 6):
 PSYoungGen      total 437248K, used 437016K [0x00000000d6400000, 0x00000000feb80000, 0x0000000100000000)
  eden space 376320K, 100% used [0x00000000d6400000,0x00000000ed380000,0x00000000ed380000)
  from space 60928K, 99% used [0x00000000ed380000,0x00000000f0ec6130,0x00000000f0f00000)
  to   space 143360K, 0% used [0x00000000f5f80000,0x00000000f5f80000,0x00000000feb80000)
 ParOldGen       total 181248K, used 91919K [0x0000000082c00000, 0x000000008dd00000, 0x00000000d6400000)
  object space 181248K, 50% used [0x0000000082c00000,0x00000000885c3c10,0x000000008dd00000)
 Metaspace       used 192244K, capacity 195006K, committed 195136K, reserved 1218560K
  class space    used 25379K, capacity 26082K, committed 26200K, reserved 1048576K
Event: 318.301 GC heap after
Heap after GC invocations=36 (full 6):
 PSYoungGen      total 513536K, used 98215K [0x00000000d6400000, 0x0000000100000000, 0x0000000100000000)
  eden space 370176K, 0% used [0x00000000d6400000,0x00000000d6400000,0x00000000ecd80000)
  from space 143360K, 68% used [0x00000000f5f80000,0x00000000fbf69d30,0x00000000feb80000)
  to   space 149504K, 0% used [0x00000000ecd80000,0x00000000ecd80000,0x00000000f5f80000)
 ParOldGen       total 181248K, used 94534K [0x0000000082c00000, 0x000000008dd00000, 0x00000000d6400000)
  object space 181248K, 52% used [0x0000000082c00000,0x00000000888518b8,0x000000008dd00000)
 Metaspace       used 192244K, capacity 195006K, committed 195136K, reserved 1218560K
  class space    used 25379K, capacity 26082K, committed 26200K, reserved 1048576K
}
Event: 321.576 GC heap before
{Heap before GC invocations=37 (full 6):
 PSYoungGen      total 513536K, used 468391K [0x00000000d6400000, 0x0000000100000000, 0x0000000100000000)
  eden space 370176K, 100% used [0x00000000d6400000,0x00000000ecd80000,0x00000000ecd80000)
  from space 143360K, 68% used [0x00000000f5f80000,0x00000000fbf69d30,0x00000000feb80000)
  to   space 149504K, 0% used [0x00000000ecd80000,0x00000000ecd80000,0x00000000f5f80000)
 ParOldGen       total 181248K, used 94534K [0x0000000082c00000, 0x000000008dd00000, 0x00000000d6400000)
  object space 181248K, 52% used [0x0000000082c00000,0x00000000888518b8,0x000000008dd00000)
 Metaspace       used 210418K, capacity 213352K, committed 213696K, reserved 1234944K
  class space    used 27830K, capacity 28581K, committed 28632K, reserved 1048576K
Event: 321.600 GC heap after
Heap after GC invocations=37 (full 6):
 PSYoungGen      total 519680K, used 25655K [0x00000000d6400000, 0x0000000100000000, 0x0000000100000000)
  eden space 370176K, 0% used [0x00000000d6400000,0x00000000d6400000,0x00000000ecd80000)
  from space 149504K, 17% used [0x00000000ecd80000,0x00000000ee68dd48,0x00000000f5f80000)
  to   space 146944K, 0% used [0x00000000f7080000,0x00000000f7080000,0x0000000100000000)
 ParOldGen       total 181248K, used 98988K [0x0000000082c00000, 0x000000008dd00000, 0x00000000d6400000)
  object space 181248K, 54% used [0x0000000082c00000,0x0000000088cab328,0x000000008dd00000)
 Metaspace       used 210418K, capacity 213352K, committed 213696K, reserved 1234944K
  class space    used 27830K, capacity 28581K, committed 28632K, reserved 1048576K
}
Event: 323.339 GC heap before
{Heap before GC invocations=38 (full 6):
 PSYoungGen      total 519680K, used 395831K [0x00000000d6400000, 0x0000000100000000, 0x0000000100000000)
  eden space 370176K, 100% used [0x00000000d6400000,0x00000000ecd80000,0x00000000ecd80000)
  from space 149504K, 17% used [0x00000000ecd80000,0x00000000ee68dd48,0x00000000f5f80000)
  to   space 146944K, 0% used [0x00000000f7080000,0x00000000f7080000,0x0000000100000000)
 ParOldGen       total 181248K, used 98988K [0x0000000082c00000, 0x000000008dd00000, 0x00000000d6400000)
  object space 181248K, 54% used [0x0000000082c00000,0x0000000088cab328,0x000000008dd00000)
 Metaspace       used 210504K, capacity 213446K, committed 213696K, reserved 1234944K
  class space    used 27839K, capacity 28587K, committed 28632K, reserved 1048576K
Event: 323.416 GC heap after
Heap after GC invocations=38 (full 6):
 PSYoungGen      total 528896K, used 78337K [0x00000000d6400000, 0x00000000ffa80000, 0x0000000100000000)
  eden space 387584K, 0% used [0x00000000d6400000,0x00000000d6400000,0x00000000ede80000)
  from space 141312K, 55% used [0x00000000f7080000,0x00000000fbd00508,0x00000000ffa80000)
  to   space 145408K, 0% used [0x00000000ede80000,0x00000000ede80000,0x00000000f6c80000)
 ParOldGen       total 181248K, used 102701K [0x0000000082c00000, 0x000000008dd00000, 0x00000000d6400000)
  object space 181248K, 56% used [0x0000000082c00000,0x000000008904b508,0x000000008dd00000)
 Metaspace       used 210504K, capacity 213446K, committed 213696K, reserved 1234944K
  class space    used 27839K, capacity 28587K, committed 28632K, reserved 1048576K
}
Event: 326.637 GC heap before
{Heap before GC invocations=39 (full 6):
 PSYoungGen      total 528896K, used 465921K [0x00000000d6400000, 0x00000000ffa80000, 0x0000000100000000)
  eden space 387584K, 100% used [0x00000000d6400000,0x00000000ede80000,0x00000000ede80000)
  from space 141312K, 55% used [0x00000000f7080000,0x00000000fbd00508,0x00000000ffa80000)
  to   space 145408K, 0% used [0x00000000ede80000,0x00000000ede80000,0x00000000f6c80000)
 ParOldGen       total 181248K, used 102701K [0x0000000082c00000, 0x000000008dd00000, 0x00000000d6400000)
  object space 181248K, 56% used [0x0000000082c00000,0x000000008904b508,0x000000008dd00000)
 Metaspace       used 219335K, capacity 222344K, committed 222656K, reserved 1243136K
  class space    used 29078K, capacity 29845K, committed 29912K, reserved 1048576K
Event: 326.711 GC heap after
Heap after GC invocations=39 (full 6):
 PSYoungGen      total 532992K, used 86309K [0x00000000d6400000, 0x0000000100000000, 0x0000000100000000)
  eden space 387584K, 0% used [0x00000000d6400000,0x00000000d6400000,0x00000000ede80000)
  from space 145408K, 59% used [0x00000000ede80000,0x00000000f32c95b0,0x00000000f6c80000)
  to   space 146944K, 0% used [0x00000000f7080000,0x00000000f7080000,0x0000000100000000)
 ParOldGen       total 181248K, used 105717K [0x0000000082c00000, 0x000000008dd00000, 0x00000000d6400000)
  object space 181248K, 58% used [0x0000000082c00000,0x000000008933d5f8,0x000000008dd00000)
 Metaspace       used 219335K, capacity 222344K, committed 222656K, reserved 1243136K
  class space    used 29078K, capacity 29845K, committed 29912K, reserved 1048576K
}
Event: 331.310 GC heap before
{Heap before GC invocations=40 (full 6):
 PSYoungGen      total 532992K, used 473893K [0x00000000d6400000, 0x0000000100000000, 0x0000000100000000)
  eden space 387584K, 100% used [0x00000000d6400000,0x00000000ede80000,0x00000000ede80000)
  from space 145408K, 59% used [0x00000000ede80000,0x00000000f32c95b0,0x00000000f6c80000)
  to   space 146944K, 0% used [0x00000000f7080000,0x00000000f7080000,0x0000000100000000)
 ParOldGen       total 181248K, used 105717K [0x0000000082c00000, 0x000000008dd00000, 0x00000000d6400000)
  object space 181248K, 58% used [0x0000000082c00000,0x000000008933d5f8,0x000000008dd00000)
 Metaspace       used 232155K, capacity 235360K, committed 235584K, reserved 1253376K
  class space    used 30774K, capacity 31573K, committed 31576K, reserved 1048576K
Event: 331.324 GC heap after
Heap after GC invocations=40 (full 6):
 PSYoungGen      total 537600K, used 16583K [0x00000000d6400000, 0x0000000100000000, 0x0000000100000000)
  eden space 390656K, 0% used [0x00000000d6400000,0x00000000d6400000,0x00000000ee180000)
  from space 146944K, 11% used [0x00000000f7080000,0x00000000f80b1f18,0x0000000100000000)
  to   space 146432K, 0% used [0x00000000ee180000,0x00000000ee180000,0x00000000f7080000)
 ParOldGen       total 181248K, used 109357K [0x0000000082c00000, 0x000000008dd00000, 0x00000000d6400000)
  object space 181248K, 60% used [0x0000000082c00000,0x00000000896cb448,0x000000008dd00000)
 Metaspace       used 232155K, capacity 235360K, committed 235584K, reserved 1253376K
  class space    used 30774K, capacity 31573K, committed 31576K, reserved 1048576K
}

